<?xml version="1.0" encoding="UTF-8"?>
<!-- Generated by org.testng.reporters.JUnitReportReporter -->
<testsuite skipped="0" hostname="Muhammets-MacBook-Air.local" name="com.qa.verizon.tests.HomePageTest1" tests="2" failures="0" timestamp="2020-08-04T13:40:51 CDT" time="13.727" errors="0">
  <testcase name="verifyHomePageTitleTest" time="0.042" classname="com.qa.verizon.tests.HomePageTest1"/>
  <system-out/>
  <testcase name="hooverOverAncClickTest" time="13.685" classname="com.qa.verizon.tests.HomePageTest1"/>
  <system-out/>
</testsuite> <!-- com.qa.verizon.tests.HomePageTest1 -->
