<?xml version="1.0" encoding="UTF-8"?>
<!-- Generated by org.testng.reporters.JUnitReportReporter -->
<testsuite skipped="0" hostname="Muhammets-MacBook-Air.local" name="com.qa.verizon.tests.SmartPhonePageTest" tests="2" failures="0" timestamp="2020-08-04T13:48:47 CDT" time="1.532" errors="0">
  <testcase name="verifySmartPhonesPageTitleTest" time="0.041" classname="com.qa.verizon.tests.SmartPhonePageTest"/>
  <system-out/>
  <testcase name="clickIphoneXRTest" time="1.491" classname="com.qa.verizon.tests.SmartPhonePageTest"/>
  <system-out/>
</testsuite> <!-- com.qa.verizon.tests.SmartPhonePageTest -->
